<?xml version="1.0" encoding="UTF-8"?>
<testsuite xmlns:xsi="http://www.w3.org/2001/XMLSchema-instance" xsi:noNamespaceSchemaLocation="https://maven.apache.org/surefire/maven-surefire-plugin/xsd/surefire-test-report.xsd" name="com.rocket.pan.server.modules.share.ShareTest" time="0.324" tests="8" errors="0" skipped="0" failures="0">
  <properties>
[...]
</properties>
  <testcase name="createShareUrlSuccess" classname="com.rocket.pan.server.modules.share.ShareTest" time="0.093"/>
  <testcase name="queryShareFileListSuccess" classname="com.rocket.pan.server.modules.share.ShareTest" time="0.036"/>
  <testcase name="queryShareDetailSuccess" classname="com.rocket.pan.server.modules.share.ShareTest" time="0.024"/>
  <testcase name="queryShareUrlListSuccess" classname="com.rocket.pan.server.modules.share.ShareTest" time="0.021"/>
  <testcase name="checkShareCodeFail" classname="com.rocket.pan.server.modules.share.ShareTest" time="0.021"/>
  <testcase name="checkShareCodeSuccess" classname="com.rocket.pan.server.modules.share.ShareTest" time="0.077"/>
  <testcase name="queryShareSimpleDetailSuccess" classname="com.rocket.pan.server.modules.share.ShareTest" time="0.019"/>
  <testcase name="cancelShareSuccess" classname="com.rocket.pan.server.modules.share.ShareTest" time="0.025"/>
</testsuite>